{
  "stats": {
    "suites": 1,
    "tests": 1,
    "passes": 1,
    "pending": 0,
    "failures": 0,
    "start": "2022-03-28T13:36:08.442Z",
    "end": "2022-03-28T13:36:31.072Z",
    "duration": 22630,
    "testsRegistered": 1,
    "passPercent": 100,
    "pendingPercent": 0,
    "other": 0,
    "hasOther": false,
    "skipped": 0,
    "hasSkipped": false
  },
  "results": [
    {
      "uuid": "3633aeb6-0beb-48f4-ae30-6861f8e31180",
      "title": "",
      "fullFile": "cypress/integration/2-advanced-examples/F-Radio_buttons.js",
      "file": "cypress/integration/2-advanced-examples/F-Radio_buttons.js",
      "beforeHooks": [],
      "afterHooks": [],
      "tests": [],
      "suites": [
        {
          "uuid": "a07fb94a-42fd-4e5c-9955-87760dd90d09",
          "title": "My 6th Test Suite",
          "fullFile": "",
          "file": "",
          "beforeHooks": [],
          "afterHooks": [],
          "tests": [
            {
              "title": "My 6th Test Case",
              "fullTitle": "My 6th Test Suite My 6th Test Case",
              "timedOut": null,
              "duration": 19516,
              "state": "passed",
              "speed": "slow",
              "pass": true,
              "fail": false,
              "pending": false,
              "context": null,
              "code": "cy.visit(Cypress.env('url') + '/AutomationPractice/');\ncy.get(\"[value='radio2']\").check().should('be.checked');",
              "err": {},
              "uuid": "c38266cc-a854-40d7-943f-83396c42424b",
              "parentUUID": "a07fb94a-42fd-4e5c-9955-87760dd90d09",
              "isHook": false,
              "skipped": false
            }
          ],
          "suites": [],
          "passes": [
            "c38266cc-a854-40d7-943f-83396c42424b"
          ],
          "failures": [],
          "pending": [],
          "skipped": [],
          "duration": 19516,
          "root": false,
          "rootEmpty": false,
          "_timeout": 2000
        }
      ],
      "passes": [],
      "failures": [],
      "pending": [],
      "skipped": [],
      "duration": 0,
      "root": true,
      "rootEmpty": true,
      "_timeout": 2000
    }
  ],
  "meta": {
    "mocha": {
      "version": "7.0.1"
    },
    "mochawesome": {
      "options": {
        "quiet": false,
        "reportFilename": "mochawesome",
        "saveHtml": false,
        "saveJson": true,
        "consoleReporter": "spec",
        "useInlineDiffs": false,
        "code": true
      },
      "version": "7.1.3"
    },
    "marge": {
      "options": {
        "reportDir": "cypress/results",
        "overwrite": false,
        "html": false,
        "json": true
      },
      "version": "6.2.0"
    }
  }
}