{
  "stats": {
    "suites": 1,
    "tests": 1,
    "passes": 1,
    "pending": 0,
    "failures": 0,
    "start": "2022-03-28T13:38:53.679Z",
    "end": "2022-03-28T13:39:29.808Z",
    "duration": 36129,
    "testsRegistered": 1,
    "passPercent": 100,
    "pendingPercent": 0,
    "other": 0,
    "hasOther": false,
    "skipped": 0,
    "hasSkipped": false
  },
  "results": [
    {
      "uuid": "4e4f377b-42f1-4d67-8572-2feb7f1a545c",
      "title": "",
      "fullFile": "cypress/integration/2-advanced-examples/J-Web_Tables_Handling-Interating.js",
      "file": "cypress/integration/2-advanced-examples/J-Web_Tables_Handling-Interating.js",
      "beforeHooks": [],
      "afterHooks": [],
      "tests": [],
      "suites": [
        {
          "uuid": "9c074074-4153-44c3-9ad3-e5457ca6dfc8",
          "title": "My 8th Test Suite",
          "fullFile": "",
          "file": "",
          "beforeHooks": [],
          "afterHooks": [],
          "tests": [
            {
              "title": "My 10th Test Case",
              "fullTitle": "My 8th Test Suite My 10th Test Case",
              "timedOut": null,
              "duration": 32876,
              "state": "passed",
              "speed": "slow",
              "pass": true,
              "fail": false,
              "pending": false,
              "context": null,
              "code": "cy.visit(Cypress.env('url') + '/AutomationPractice/');\ncy.get('tr td:nth-child(2)').each(($el, index, $list) => {\n  const text = $el.text();\n  if (text.includes('Python')) {\n    //moving to our sibling from our desired element\n    cy.get('tr td:nth-child(2)').eq(index).next().then(function (price) {\n      const priceText = price.text();\n      expect(priceText).to.equal('25');\n    });\n  }\n});",
              "err": {},
              "uuid": "5506422a-b6be-4202-bc78-6a51c89e76e7",
              "parentUUID": "9c074074-4153-44c3-9ad3-e5457ca6dfc8",
              "isHook": false,
              "skipped": false
            }
          ],
          "suites": [],
          "passes": [
            "5506422a-b6be-4202-bc78-6a51c89e76e7"
          ],
          "failures": [],
          "pending": [],
          "skipped": [],
          "duration": 32876,
          "root": false,
          "rootEmpty": false,
          "_timeout": 2000
        }
      ],
      "passes": [],
      "failures": [],
      "pending": [],
      "skipped": [],
      "duration": 0,
      "root": true,
      "rootEmpty": true,
      "_timeout": 2000
    }
  ],
  "meta": {
    "mocha": {
      "version": "7.0.1"
    },
    "mochawesome": {
      "options": {
        "quiet": false,
        "reportFilename": "mochawesome",
        "saveHtml": false,
        "saveJson": true,
        "consoleReporter": "spec",
        "useInlineDiffs": false,
        "code": true
      },
      "version": "7.1.3"
    },
    "marge": {
      "options": {
        "reportDir": "cypress/results",
        "overwrite": false,
        "html": false,
        "json": true
      },
      "version": "6.2.0"
    }
  }
}