{
  "stats": {
    "suites": 1,
    "tests": 1,
    "passes": 1,
    "pending": 0,
    "failures": 0,
    "start": "2022-03-28T13:35:14.177Z",
    "end": "2022-03-28T13:35:44.573Z",
    "duration": 30396,
    "testsRegistered": 1,
    "passPercent": 100,
    "pendingPercent": 0,
    "other": 0,
    "hasOther": false,
    "skipped": 0,
    "hasSkipped": false
  },
  "results": [
    {
      "uuid": "8aa28097-5a2b-41a2-b189-530401aab706",
      "title": "",
      "fullFile": "cypress/integration/2-advanced-examples/D-Test_StaticDropDown.js",
      "file": "cypress/integration/2-advanced-examples/D-Test_StaticDropDown.js",
      "beforeHooks": [],
      "afterHooks": [],
      "tests": [],
      "suites": [
        {
          "uuid": "db28fc19-5ef9-41d3-9aae-231d01ed5c61",
          "title": "My 4th Test Suite",
          "fullFile": "",
          "file": "",
          "beforeHooks": [],
          "afterHooks": [],
          "tests": [
            {
              "title": "My 4th Test Case",
              "fullTitle": "My 4th Test Suite My 4th Test Case",
              "timedOut": null,
              "duration": 27291,
              "state": "passed",
              "speed": "slow",
              "pass": true,
              "fail": false,
              "pending": false,
              "context": null,
              "code": "cy.visit(Cypress.env('url') + '/AutomationPractice/');\ncy.get('#dropdown-class-example').select('option2').should('have.value', 'option2');",
              "err": {},
              "uuid": "5a446aad-405c-4a23-b392-3211ad48c5b5",
              "parentUUID": "db28fc19-5ef9-41d3-9aae-231d01ed5c61",
              "isHook": false,
              "skipped": false
            }
          ],
          "suites": [],
          "passes": [
            "5a446aad-405c-4a23-b392-3211ad48c5b5"
          ],
          "failures": [],
          "pending": [],
          "skipped": [],
          "duration": 27291,
          "root": false,
          "rootEmpty": false,
          "_timeout": 2000
        }
      ],
      "passes": [],
      "failures": [],
      "pending": [],
      "skipped": [],
      "duration": 0,
      "root": true,
      "rootEmpty": true,
      "_timeout": 2000
    }
  ],
  "meta": {
    "mocha": {
      "version": "7.0.1"
    },
    "mochawesome": {
      "options": {
        "quiet": false,
        "reportFilename": "mochawesome",
        "saveHtml": false,
        "saveJson": true,
        "consoleReporter": "spec",
        "useInlineDiffs": false,
        "code": true
      },
      "version": "7.1.3"
    },
    "marge": {
      "options": {
        "reportDir": "cypress/results",
        "overwrite": false,
        "html": false,
        "json": true
      },
      "version": "6.2.0"
    }
  }
}