{
  "stats": {
    "suites": 1,
    "tests": 1,
    "passes": 1,
    "pending": 0,
    "failures": 0,
    "start": "2022-03-28T13:39:31.820Z",
    "end": "2022-03-28T13:39:59.678Z",
    "duration": 27858,
    "testsRegistered": 1,
    "passPercent": 100,
    "pendingPercent": 0,
    "other": 0,
    "hasOther": false,
    "skipped": 0,
    "hasSkipped": false
  },
  "results": [
    {
      "uuid": "90cf8734-3457-45c5-a699-7f45a1fe6295",
      "title": "",
      "fullFile": "cypress/integration/2-advanced-examples/K-Mouse-HoverPopus.js",
      "file": "cypress/integration/2-advanced-examples/K-Mouse-HoverPopus.js",
      "beforeHooks": [],
      "afterHooks": [],
      "tests": [],
      "suites": [
        {
          "uuid": "62a630eb-43bd-4dea-afd4-5755ebd58afb",
          "title": "My 8th Test Suite",
          "fullFile": "",
          "file": "",
          "beforeHooks": [],
          "afterHooks": [],
          "tests": [
            {
              "title": "My 11th Test Case",
              "fullTitle": "My 8th Test Suite My 11th Test Case",
              "timedOut": null,
              "duration": 21683,
              "state": "passed",
              "speed": "slow",
              "pass": true,
              "fail": false,
              "pending": false,
              "context": null,
              "code": "cy.visit(Cypress.env('url') + '/AutomationPractice/'); //Clicking on a NON-hidden mode\n//cy.get('.mouse-hover-content').invoke('show')\n//cy.contains('Top').click();\n//cy.url().should('include','top')\n//Clicking on a hidden mode ('Mouse Hover' button)\ncy.contains('Top').click({\n  force: true\n});\ncy.url().should('include', 'top');",
              "err": {},
              "uuid": "9102949a-b440-4c2b-acd8-c0d8d77125b6",
              "parentUUID": "62a630eb-43bd-4dea-afd4-5755ebd58afb",
              "isHook": false,
              "skipped": false
            }
          ],
          "suites": [],
          "passes": [
            "9102949a-b440-4c2b-acd8-c0d8d77125b6"
          ],
          "failures": [],
          "pending": [],
          "skipped": [],
          "duration": 21683,
          "root": false,
          "rootEmpty": false,
          "_timeout": 2000
        }
      ],
      "passes": [],
      "failures": [],
      "pending": [],
      "skipped": [],
      "duration": 0,
      "root": true,
      "rootEmpty": true,
      "_timeout": 2000
    }
  ],
  "meta": {
    "mocha": {
      "version": "7.0.1"
    },
    "mochawesome": {
      "options": {
        "quiet": false,
        "reportFilename": "mochawesome",
        "saveHtml": false,
        "saveJson": true,
        "consoleReporter": "spec",
        "useInlineDiffs": false,
        "code": true
      },
      "version": "7.1.3"
    },
    "marge": {
      "options": {
        "reportDir": "cypress/results",
        "overwrite": false,
        "html": false,
        "json": true
      },
      "version": "6.2.0"
    }
  }
}