{
  "stats": {
    "suites": 1,
    "tests": 1,
    "passes": 1,
    "pending": 0,
    "failures": 0,
    "start": "2022-03-28T13:34:26.036Z",
    "end": "2022-03-28T13:34:39.731Z",
    "duration": 13695,
    "testsRegistered": 1,
    "passPercent": 100,
    "pendingPercent": 0,
    "other": 0,
    "hasOther": false,
    "skipped": 0,
    "hasSkipped": false
  },
  "results": [
    {
      "uuid": "eee3d68c-dc23-46f1-877a-04cb2781a160",
      "title": "",
      "fullFile": "cypress/integration/2-advanced-examples/B-Test2_addToCart.js",
      "file": "cypress/integration/2-advanced-examples/B-Test2_addToCart.js",
      "beforeHooks": [],
      "afterHooks": [],
      "tests": [],
      "suites": [
        {
          "uuid": "83f7dde6-00bc-450f-8ae9-3f83bec26255",
          "title": "My 2nd Test Suite",
          "fullFile": "",
          "file": "",
          "beforeHooks": [],
          "afterHooks": [],
          "tests": [
            {
              "title": "My 2nd Test Case",
              "fullTitle": "My 2nd Test Suite My 2nd Test Case",
              "timedOut": null,
              "duration": 12012,
              "state": "passed",
              "speed": "slow",
              "pass": true,
              "fail": false,
              "pending": false,
              "context": null,
              "code": "cy.visit(Cypress.env('url') + '/seleniumPractise/#/');\ncy.get('.search-keyword').type('ca');\ncy.wait(2000); //Parent child chainings should\ncy.get('.products').as('productLocator'); // declaring .products as a variable\ncy.get('@productLocator').find('.product').each(($el, index, $list) => {\n  const textVeg = $el.find('h4.product-name').text();\n  if (textVeg.includes('Cashews')) {\n    cy.wrap($el).find('button').click();\n  }\n});\ncy.get('.cart-icon > img').click();\ncy.contains('PROCEED TO CHECKOUT').click();\ncy.contains('Place Order').click();",
              "err": {},
              "uuid": "9d976b82-6f7e-446a-adde-9f33b8c1e761",
              "parentUUID": "83f7dde6-00bc-450f-8ae9-3f83bec26255",
              "isHook": false,
              "skipped": false
            }
          ],
          "suites": [],
          "passes": [
            "9d976b82-6f7e-446a-adde-9f33b8c1e761"
          ],
          "failures": [],
          "pending": [],
          "skipped": [],
          "duration": 12012,
          "root": false,
          "rootEmpty": false,
          "_timeout": 2000
        }
      ],
      "passes": [],
      "failures": [],
      "pending": [],
      "skipped": [],
      "duration": 0,
      "root": true,
      "rootEmpty": true,
      "_timeout": 2000
    }
  ],
  "meta": {
    "mocha": {
      "version": "7.0.1"
    },
    "mochawesome": {
      "options": {
        "quiet": false,
        "reportFilename": "mochawesome",
        "saveHtml": false,
        "saveJson": true,
        "consoleReporter": "spec",
        "useInlineDiffs": false,
        "code": true
      },
      "version": "7.1.3"
    },
    "marge": {
      "options": {
        "reportDir": "cypress/results",
        "overwrite": false,
        "html": false,
        "json": true
      },
      "version": "6.2.0"
    }
  }
}