{
  "stats": {
    "suites": 1,
    "tests": 1,
    "passes": 1,
    "pending": 0,
    "failures": 0,
    "start": "2022-03-28T13:40:46.774Z",
    "end": "2022-03-28T13:41:09.051Z",
    "duration": 22277,
    "testsRegistered": 1,
    "passPercent": 100,
    "pendingPercent": 0,
    "other": 0,
    "hasOther": false,
    "skipped": 0,
    "hasSkipped": false
  },
  "results": [
    {
      "uuid": "3b95cb3d-e097-4af4-9c4d-ecd638670d30",
      "title": "",
      "fullFile": "cypress/integration/2-advanced-examples/N-ReusingCode.js",
      "file": "cypress/integration/2-advanced-examples/N-ReusingCode.js",
      "beforeHooks": [],
      "afterHooks": [],
      "tests": [],
      "suites": [
        {
          "uuid": "373eb410-544b-4c16-bf29-dca2e5329c9c",
          "title": "FrameWork example",
          "fullFile": "",
          "file": "",
          "beforeHooks": [],
          "afterHooks": [],
          "tests": [
            {
              "title": "Demo example",
              "fullTitle": "FrameWork example Demo example",
              "timedOut": null,
              "duration": 19548,
              "state": "passed",
              "speed": "slow",
              "pass": true,
              "fail": false,
              "pending": false,
              "context": null,
              "code": "const homePage = new _HomePage.default();\nconst productPage = new _ProductPage.default();\ncy.visit('https://rahulshettyacademy.com/angularpractice/');\nhomePage.getEditBox().type(this.data.name);\nhomePage.getGender().select(this.data.gender);\nhomePage.getTwoWayDataBinding().should('have.value', this.data.name);\nhomePage.getEditBox().should('have.attr', 'minlength', '2');\nhomePage.getEntrepreneaur().should('be.disabled'); //pause is to debug application\n//cy.pause()\nhomePage.getShopTab().click(); //Check Support folder and in there, the command.js AND also fixtures > example.json\nthis.data.productName; //Look this up in Folder > fixtures / example.json and in suppz\nthis.data.productName.forEach(function (element) {\n  cy.selectProduct(element);\n});\nproductPage.checkOutButton().click();\nvar sum = 0;\ncy.get('tr td:nth-child(4) strong').each(($el, index, $list) => {\n  const amount = $el.text();\n  var result = amount.split(' ');\n  result = result[1].trim();\n  sum = Number(sum) + Number(result);\n}).then(function () {\n  cy.log(sum);\n});\ncy.get('h3 strong').then(function (element) {\n  const amount = element.text();\n  var result = amount.split(' ');\n  var total = result[1].trim();\n  expect(Number(total)).to.equal(Number(sum));\n});\ncy.contains('Checkout').click();\ncy.get('#country').type('India');\ncy.get('.suggestions > ul > li > a').click();\ncy.get(\"input[id='checkbox2']\").click({\n  force: true\n});\ncy.get('input.btn.btn-success.btn-lg').click(); //cy.get('div.alert').should('have.text', 'Success! Thank you! Your order will be delivered in next few weeks :-).');\ncy.get('.alert').then(function (element) {\n  const actualText = element.text();\n  expect(actualText.includes('Success')).to.be.true;\n});",
              "err": {},
              "uuid": "02838981-5ecb-496e-805a-c2f9c6fce00c",
              "parentUUID": "373eb410-544b-4c16-bf29-dca2e5329c9c",
              "isHook": false,
              "skipped": false
            }
          ],
          "suites": [],
          "passes": [
            "02838981-5ecb-496e-805a-c2f9c6fce00c"
          ],
          "failures": [],
          "pending": [],
          "skipped": [],
          "duration": 19548,
          "root": false,
          "rootEmpty": false,
          "_timeout": 2000
        }
      ],
      "passes": [],
      "failures": [],
      "pending": [],
      "skipped": [],
      "duration": 0,
      "root": true,
      "rootEmpty": true,
      "_timeout": 2000
    }
  ],
  "meta": {
    "mocha": {
      "version": "7.0.1"
    },
    "mochawesome": {
      "options": {
        "quiet": false,
        "reportFilename": "mochawesome",
        "saveHtml": false,
        "saveJson": true,
        "consoleReporter": "spec",
        "useInlineDiffs": false,
        "code": true
      },
      "version": "7.1.3"
    },
    "marge": {
      "options": {
        "reportDir": "cypress/results",
        "overwrite": false,
        "html": false,
        "json": true
      },
      "version": "6.2.0"
    }
  }
}