{
  "stats": {
    "suites": 1,
    "tests": 1,
    "passes": 1,
    "pending": 0,
    "failures": 0,
    "start": "2022-03-28T13:34:41.529Z",
    "end": "2022-03-28T13:35:12.109Z",
    "duration": 30580,
    "testsRegistered": 1,
    "passPercent": 100,
    "pendingPercent": 0,
    "other": 0,
    "hasOther": false,
    "skipped": 0,
    "hasSkipped": false
  },
  "results": [
    {
      "uuid": "974b3044-db41-4eaa-a9ec-f0ae410117c1",
      "title": "",
      "fullFile": "cypress/integration/2-advanced-examples/C-Visibility_Invisibility_Objects.js",
      "file": "cypress/integration/2-advanced-examples/C-Visibility_Invisibility_Objects.js",
      "beforeHooks": [],
      "afterHooks": [],
      "tests": [],
      "suites": [
        {
          "uuid": "b28012c2-fc0b-4e19-a4fb-1d90c3da9071",
          "title": "My 3rd Test Suite",
          "fullFile": "",
          "file": "",
          "beforeHooks": [],
          "afterHooks": [],
          "tests": [
            {
              "title": "My 3rd Test Case",
              "fullTitle": "My 3rd Test Suite My 3rd Test Case",
              "timedOut": null,
              "duration": 28160,
              "state": "passed",
              "speed": "slow",
              "pass": true,
              "fail": false,
              "pending": false,
              "context": null,
              "code": "cy.visit(Cypress.env('url') + '/AutomationPractice/');\ncy.get('#displayed-text').should('be.visible');\ncy.get('#hide-textbox').click();\ncy.get('#displayed-text').should('not.be.visible');\ncy.get('#show-textbox').click();\ncy.get('#displayed-text').should('be.visible');",
              "err": {},
              "uuid": "79bec125-2b29-468d-903c-8d2e680fc624",
              "parentUUID": "b28012c2-fc0b-4e19-a4fb-1d90c3da9071",
              "isHook": false,
              "skipped": false
            }
          ],
          "suites": [],
          "passes": [
            "79bec125-2b29-468d-903c-8d2e680fc624"
          ],
          "failures": [],
          "pending": [],
          "skipped": [],
          "duration": 28160,
          "root": false,
          "rootEmpty": false,
          "_timeout": 2000
        }
      ],
      "passes": [],
      "failures": [],
      "pending": [],
      "skipped": [],
      "duration": 0,
      "root": true,
      "rootEmpty": true,
      "_timeout": 2000
    }
  ],
  "meta": {
    "mocha": {
      "version": "7.0.1"
    },
    "mochawesome": {
      "options": {
        "quiet": false,
        "reportFilename": "mochawesome",
        "saveHtml": false,
        "saveJson": true,
        "consoleReporter": "spec",
        "useInlineDiffs": false,
        "code": true
      },
      "version": "7.1.3"
    },
    "marge": {
      "options": {
        "reportDir": "cypress/results",
        "overwrite": false,
        "html": false,
        "json": true
      },
      "version": "6.2.0"
    }
  }
}