{
  "stats": {
    "suites": 1,
    "tests": 1,
    "passes": 1,
    "pending": 0,
    "failures": 0,
    "start": "2022-03-28T13:40:32.383Z",
    "end": "2022-03-28T13:40:44.695Z",
    "duration": 12312,
    "testsRegistered": 1,
    "passPercent": 100,
    "pendingPercent": 0,
    "other": 0,
    "hasOther": false,
    "skipped": 0,
    "hasSkipped": false
  },
  "results": [
    {
      "uuid": "5743e621-c8ef-4a78-943c-d392d329bebb",
      "title": "",
      "fullFile": "cypress/integration/2-advanced-examples/M-TestingFramework.js",
      "file": "cypress/integration/2-advanced-examples/M-TestingFramework.js",
      "beforeHooks": [],
      "afterHooks": [],
      "tests": [],
      "suites": [
        {
          "uuid": "34b7a890-ceb3-4ac2-a291-a1640f175682",
          "title": "FrameWork example",
          "fullFile": "",
          "file": "",
          "beforeHooks": [],
          "afterHooks": [],
          "tests": [
            {
              "title": "Demo example",
              "fullTitle": "FrameWork example Demo example",
              "timedOut": null,
              "duration": 9512,
              "state": "passed",
              "speed": "medium",
              "pass": true,
              "fail": false,
              "pending": false,
              "context": null,
              "code": "cy.visit(Cypress.env('url') + '/angularpractice/');\ncy.get(\"input[name='name']:nth-child(2)\").type(this.data.name);\ncy.get('select').select(this.data.gender);\ncy.get(':nth-child(4) > .ng-untouched').should('have.value', this.data.name);\ncy.get(\"input[name='name']:nth-child(2)\").should('have.attr', 'minlength', '2');\ncy.get('#inlineRadio3').should('be.disabled');",
              "err": {},
              "uuid": "25e49b51-09ec-4685-8bcf-b354c27ebf6b",
              "parentUUID": "34b7a890-ceb3-4ac2-a291-a1640f175682",
              "isHook": false,
              "skipped": false
            }
          ],
          "suites": [],
          "passes": [
            "25e49b51-09ec-4685-8bcf-b354c27ebf6b"
          ],
          "failures": [],
          "pending": [],
          "skipped": [],
          "duration": 9512,
          "root": false,
          "rootEmpty": false,
          "_timeout": 2000
        }
      ],
      "passes": [],
      "failures": [],
      "pending": [],
      "skipped": [],
      "duration": 0,
      "root": true,
      "rootEmpty": true,
      "_timeout": 2000
    }
  ],
  "meta": {
    "mocha": {
      "version": "7.0.1"
    },
    "mochawesome": {
      "options": {
        "quiet": false,
        "reportFilename": "mochawesome",
        "saveHtml": false,
        "saveJson": true,
        "consoleReporter": "spec",
        "useInlineDiffs": false,
        "code": true
      },
      "version": "7.1.3"
    },
    "marge": {
      "options": {
        "reportDir": "cypress/results",
        "overwrite": false,
        "html": false,
        "json": true
      },
      "version": "6.2.0"
    }
  }
}