{
  "stats": {
    "suites": 1,
    "tests": 1,
    "passes": 1,
    "pending": 0,
    "failures": 0,
    "start": "2022-03-29T13:53:36.559Z",
    "end": "2022-03-29T13:53:50.802Z",
    "duration": 14243,
    "testsRegistered": 1,
    "passPercent": 100,
    "pendingPercent": 0,
    "other": 0,
    "hasOther": false,
    "skipped": 0,
    "hasSkipped": false
  },
  "results": [
    {
      "uuid": "2912bf08-f29e-4882-a813-d8c24b11f082",
      "title": "",
      "fullFile": "cypress/integration/2-advanced-examples/A-Test1_IterateArrey.js",
      "file": "cypress/integration/2-advanced-examples/A-Test1_IterateArrey.js",
      "beforeHooks": [],
      "afterHooks": [],
      "tests": [],
      "suites": [
        {
          "uuid": "0ab9faf5-2da4-424c-aa1e-a248d85f048e",
          "title": "My 1st Test Suite",
          "fullFile": "",
          "file": "",
          "beforeHooks": [],
          "afterHooks": [],
          "tests": [
            {
              "title": "My 1st Test Case",
              "fullTitle": "My 1st Test Suite My 1st Test Case",
              "timedOut": null,
              "duration": 10036,
              "state": "passed",
              "speed": "slow",
              "pass": true,
              "fail": false,
              "pending": false,
              "context": null,
              "code": "cy.visit(Cypress.env('url') + '/seleniumPractise/#/');\ncy.get('.search-keyword').type('ca');\ncy.wait(2000);\ncy.get('.product').should('have.length', 5);\ncy.get('.product:visible').should('have.length', 4); //Parent child chainings should\ncy.get('.products').as('productLocator'); // declaring .products as a variable\ncy.get('@productLocator').find('.product').should('have.length', 4);\ncy.get('@productLocator').find('.product').eq(2).contains('ADD TO CART').click().then(function () {\n  console.log('sf');\n});\ncy.get('@productLocator').find('.product').each(($el, index, $list) => {\n  const textVeg = $el.find('h4.product-name').text();\n  if (textVeg.includes('Cashews')) {\n    cy.wrap($el).find('button').click();\n  }\n}); //assert if logo text is currently displayed\ncy.get('.brand').should('have.text', 'GREENKART'); //Grabbing Logo text\ncy.get('.brand.greenLogo').then(function (logoelement) {\n  cy.log(logoelement.text());\n});",
              "err": {},
              "uuid": "af90976d-2418-4129-abfd-32fb5ad0b387",
              "parentUUID": "0ab9faf5-2da4-424c-aa1e-a248d85f048e",
              "isHook": false,
              "skipped": false
            }
          ],
          "suites": [],
          "passes": [
            "af90976d-2418-4129-abfd-32fb5ad0b387"
          ],
          "failures": [],
          "pending": [],
          "skipped": [],
          "duration": 10036,
          "root": false,
          "rootEmpty": false,
          "_timeout": 2000
        }
      ],
      "passes": [],
      "failures": [],
      "pending": [],
      "skipped": [],
      "duration": 0,
      "root": true,
      "rootEmpty": true,
      "_timeout": 2000
    }
  ],
  "meta": {
    "mocha": {
      "version": "7.0.1"
    },
    "mochawesome": {
      "options": {
        "quiet": false,
        "reportFilename": "mochawesome",
        "saveHtml": false,
        "saveJson": true,
        "consoleReporter": "spec",
        "useInlineDiffs": false,
        "code": true
      },
      "version": "7.1.3"
    },
    "marge": {
      "options": {
        "reportDir": "cypress/results",
        "overwrite": false,
        "html": false,
        "json": true
      },
      "version": "6.2.0"
    }
  }
}